<?xml version="1.0" encoding="UTF-8"?>
<testsuite name="gradle.ContextTests" tests="2" skipped="0" failures="0" errors="0" timestamp="2015-06-18T06:53:24" hostname="devjava" time="0.67">
  <properties/>
  <testcase name="testNonSpringUserDefaultRole" classname="gradle.ContextTests" time="0.669"/>
  <testcase name="testUserStoryNotFromContext" classname="gradle.ContextTests" time="0.0"/>
  <system-out><![CDATA[]]></system-out>
  <system-err><![CDATA[Jun 18, 2015 1:53:24 AM org.springframework.test.context.TestContextManager retrieveTestExecutionListeners
INFO: Could not instantiate TestExecutionListener [org.springframework.test.context.web.ServletTestExecutionListener]. Specify custom listener classes or make the default listener classes (and their required dependencies) available. Offending class: [javax/servlet/ServletContext]
Jun 18, 2015 1:53:24 AM org.springframework.test.context.TestContextManager retrieveTestExecutionListeners
INFO: Could not instantiate TestExecutionListener [org.springframework.test.context.transaction.TransactionalTestExecutionListener]. Specify custom listener classes or make the default listener classes (and their required dependencies) available. Offending class: [org/springframework/transaction/interceptor/TransactionAttributeSource]
Jun 18, 2015 1:53:24 AM org.springframework.beans.factory.xml.XmlBeanDefinitionReader loadBeanDefinitions
INFO: Loading XML bean definitions from class path resource [spring-config.xml]
Jun 18, 2015 1:53:24 AM org.springframework.context.support.GenericApplicationContext prepareRefresh
INFO: Refreshing org.springframework.context.support.GenericApplicationContext@6a33f2cf: startup date [Thu Jun 18 01:53:24 CDT 2015]; root of context hierarchy
]]></system-err>
</testsuite>
