<?xml version="1.0" encoding="UTF-8"?>
<testsuite name="gradleTest.ContextTests" tests="2" skipped="0" failures="0" errors="0" timestamp="2015-06-18T10:16:57" hostname="devjava" time="0.564">
  <properties/>
  <testcase name="testNonSpringUserDefaultRole" classname="gradleTest.ContextTests" time="0.563"/>
  <testcase name="testUserStoryNotFromContext" classname="gradleTest.ContextTests" time="0.0"/>
  <system-out><![CDATA[]]></system-out>
  <system-err><![CDATA[Jun 18, 2015 5:16:57 AM org.springframework.test.context.TestContextManager retrieveTestExecutionListeners
INFO: Could not instantiate TestExecutionListener [org.springframework.test.context.web.ServletTestExecutionListener]. Specify custom listener classes or make the default listener classes (and their required dependencies) available. Offending class: [javax/servlet/ServletContext]
Jun 18, 2015 5:16:57 AM org.springframework.beans.factory.xml.XmlBeanDefinitionReader loadBeanDefinitions
INFO: Loading XML bean definitions from class path resource [spring-config.xml]
Jun 18, 2015 5:16:58 AM org.springframework.context.support.GenericApplicationContext prepareRefresh
INFO: Refreshing org.springframework.context.support.GenericApplicationContext@3c797005: startup date [Thu Jun 18 05:16:57 CDT 2015]; root of context hierarchy
]]></system-err>
</testsuite>
