<?xml version="1.0" encoding="UTF-8"?>
<testsuite name="gradleTest.ContextTests" tests="2" skipped="0" failures="0" errors="0" timestamp="2015-06-22T07:21:41" hostname="devjava" time="0.568">
  <properties/>
  <testcase name="testNonSpringUserDefaultRole" classname="gradleTest.ContextTests" time="0.567"/>
  <testcase name="testUserStoryNotFromContext" classname="gradleTest.ContextTests" time="0.001"/>
  <system-out><![CDATA[]]></system-out>
  <system-err><![CDATA[Jun 22, 2015 2:21:41 AM org.springframework.test.context.TestContextManager retrieveTestExecutionListeners
INFO: Could not instantiate TestExecutionListener [org.springframework.test.context.web.ServletTestExecutionListener]. Specify custom listener classes or make the default listener classes (and their required dependencies) available. Offending class: [javax/servlet/ServletContext]
Jun 22, 2015 2:21:41 AM org.springframework.beans.factory.xml.XmlBeanDefinitionReader loadBeanDefinitions
INFO: Loading XML bean definitions from class path resource [spring-config.xml]
Jun 22, 2015 2:21:41 AM org.springframework.context.support.GenericApplicationContext prepareRefresh
INFO: Refreshing org.springframework.context.support.GenericApplicationContext@7130d331: startup date [Mon Jun 22 02:21:41 CDT 2015]; root of context hierarchy
]]></system-err>
</testsuite>
